<?xml version="1.0" encoding="UTF-8"?>
<testsuite xmlns:xsi="http://www.w3.org/2001/XMLSchema-instance" xsi:noNamespaceSchemaLocation="https://maven.apache.org/surefire/maven-surefire-plugin/xsd/surefire-test-report.xsd" name="RepositoryRulesTest" time="0.046" tests="3" errors="0" skipped="0" failures="0">
  <properties>
    <property name="sun.desktop" value="gnome"/>
    <property name="awt.toolkit" value="sun.awt.X11.XToolkit"/>
    <property name="java.specification.version" value="11"/>
    <property name="sun.cpu.isalist" value=""/>
    <property name="sun.jnu.encoding" value="UTF-8"/>
    <property name="java.class.path" value="/home/bchagas/Documents/MyMusic-TotalJunho/MyMusic/target/test-classes:/home/bchagas/Documents/MyMusic-TotalJunho/MyMusic/target/classes:/home/bchagas/.m2/repository/org/springframework/boot/spring-boot-starter-web/2.5.2/spring-boot-starter-web-2.5.2.jar:/home/bchagas/.m2/repository/org/springframework/boot/spring-boot-starter/2.5.2/spring-boot-starter-2.5.2.jar:/home/bchagas/.m2/repository/org/springframework/boot/spring-boot-starter-logging/2.5.2/spring-boot-starter-logging-2.5.2.jar:/home/bchagas/.m2/repository/ch/qos/logback/logback-classic/1.2.3/logback-classic-1.2.3.jar:/home/bchagas/.m2/repository/ch/qos/logback/logback-core/1.2.3/logback-core-1.2.3.jar:/home/bchagas/.m2/repository/org/apache/logging/log4j/log4j-to-slf4j/2.14.1/log4j-to-slf4j-2.14.1.jar:/home/bchagas/.m2/repository/org/apache/logging/log4j/log4j-api/2.14.1/log4j-api-2.14.1.jar:/home/bchagas/.m2/repository/org/slf4j/jul-to-slf4j/1.7.31/jul-to-slf4j-1.7.31.jar:/home/bchagas/.m2/repository/jakarta/annotation/jakarta.annotation-api/1.3.5/jakarta.annotation-api-1.3.5.jar:/home/bchagas/.m2/repository/org/yaml/snakeyaml/1.28/snakeyaml-1.28.jar:/home/bchagas/.m2/repository/org/springframework/boot/spring-boot-starter-json/2.5.2/spring-boot-starter-json-2.5.2.jar:/home/bchagas/.m2/repository/com/fasterxml/jackson/core/jackson-databind/2.12.3/jackson-databind-2.12.3.jar:/home/bchagas/.m2/repository/com/fasterxml/jackson/core/jackson-core/2.12.3/jackson-core-2.12.3.jar:/home/bchagas/.m2/repository/com/fasterxml/jackson/datatype/jackson-datatype-jdk8/2.12.3/jackson-datatype-jdk8-2.12.3.jar:/home/bchagas/.m2/repository/com/fasterxml/jackson/datatype/jackson-datatype-jsr310/2.12.3/jackson-datatype-jsr310-2.12.3.jar:/home/bchagas/.m2/repository/com/fasterxml/jackson/module/jackson-module-parameter-names/2.12.3/jackson-module-parameter-names-2.12.3.jar:/home/bchagas/.m2/repository/org/springframework/boot/spring-boot-starter-tomcat/2.5.2/spring-boot-starter-tomcat-2.5.2.jar:/home/bchagas/.m2/repository/org/apache/tomcat/embed/tomcat-embed-core/9.0.48/tomcat-embed-core-9.0.48.jar:/home/bchagas/.m2/repository/org/apache/tomcat/embed/tomcat-embed-el/9.0.48/tomcat-embed-el-9.0.48.jar:/home/bchagas/.m2/repository/org/apache/tomcat/embed/tomcat-embed-websocket/9.0.48/tomcat-embed-websocket-9.0.48.jar:/home/bchagas/.m2/repository/org/springframework/spring-web/5.3.8/spring-web-5.3.8.jar:/home/bchagas/.m2/repository/org/springframework/spring-beans/5.3.8/spring-beans-5.3.8.jar:/home/bchagas/.m2/repository/org/springframework/spring-webmvc/5.3.8/spring-webmvc-5.3.8.jar:/home/bchagas/.m2/repository/org/springframework/spring-aop/5.3.8/spring-aop-5.3.8.jar:/home/bchagas/.m2/repository/org/springframework/spring-context/5.3.8/spring-context-5.3.8.jar:/home/bchagas/.m2/repository/org/springframework/spring-expression/5.3.8/spring-expression-5.3.8.jar:/home/bchagas/.m2/repository/org/hsqldb/hsqldb/2.5.2/hsqldb-2.5.2.jar:/home/bchagas/.m2/repository/org/springframework/boot/spring-boot-starter-data-jpa/2.5.2/spring-boot-starter-data-jpa-2.5.2.jar:/home/bchagas/.m2/repository/org/springframework/boot/spring-boot-starter-aop/2.5.2/spring-boot-starter-aop-2.5.2.jar:/home/bchagas/.m2/repository/org/aspectj/aspectjweaver/1.9.6/aspectjweaver-1.9.6.jar:/home/bchagas/.m2/repository/org/springframework/boot/spring-boot-starter-jdbc/2.5.2/spring-boot-starter-jdbc-2.5.2.jar:/home/bchagas/.m2/repository/com/zaxxer/HikariCP/4.0.3/HikariCP-4.0.3.jar:/home/bchagas/.m2/repository/org/springframework/spring-jdbc/5.3.8/spring-jdbc-5.3.8.jar:/home/bchagas/.m2/repository/jakarta/transaction/jakarta.transaction-api/1.3.3/jakarta.transaction-api-1.3.3.jar:/home/bchagas/.m2/repository/jakarta/persistence/jakarta.persistence-api/2.2.3/jakarta.persistence-api-2.2.3.jar:/home/bchagas/.m2/repository/org/hibernate/hibernate-core/5.4.32.Final/hibernate-core-5.4.32.Final.jar:/home/bchagas/.m2/repository/org/jboss/logging/jboss-logging/3.4.2.Final/jboss-logging-3.4.2.Final.jar:/home/bchagas/.m2/repository/org/javassist/javassist/3.27.0-GA/javassist-3.27.0-GA.jar:/home/bchagas/.m2/repository/antlr/antlr/2.7.7/antlr-2.7.7.jar:/home/bchagas/.m2/repository/org/jboss/jandex/2.2.3.Final/jandex-2.2.3.Final.jar:/home/bchagas/.m2/repository/org/dom4j/dom4j/2.1.3/dom4j-2.1.3.jar:/home/bchagas/.m2/repository/org/hibernate/common/hibernate-commons-annotations/5.1.2.Final/hibernate-commons-annotations-5.1.2.Final.jar:/home/bchagas/.m2/repository/org/glassfish/jaxb/jaxb-runtime/2.3.4/jaxb-runtime-2.3.4.jar:/home/bchagas/.m2/repository/org/glassfish/jaxb/txw2/2.3.4/txw2-2.3.4.jar:/home/bchagas/.m2/repository/com/sun/istack/istack-commons-runtime/3.0.12/istack-commons-runtime-3.0.12.jar:/home/bchagas/.m2/repository/com/sun/activation/jakarta.activation/1.2.2/jakarta.activation-1.2.2.jar:/home/bchagas/.m2/repository/org/springframework/data/spring-data-jpa/2.5.2/spring-data-jpa-2.5.2.jar:/home/bchagas/.m2/repository/org/springframework/data/spring-data-commons/2.5.2/spring-data-commons-2.5.2.jar:/home/bchagas/.m2/repository/org/springframework/spring-orm/5.3.8/spring-orm-5.3.8.jar:/home/bchagas/.m2/repository/org/springframework/spring-tx/5.3.8/spring-tx-5.3.8.jar:/home/bchagas/.m2/repository/org/springframework/spring-aspects/5.3.8/spring-aspects-5.3.8.jar:/home/bchagas/.m2/repository/org/springframework/boot/spring-boot-starter-actuator/2.5.2/spring-boot-starter-actuator-2.5.2.jar:/home/bchagas/.m2/repository/org/springframework/boot/spring-boot-actuator-autoconfigure/2.5.2/spring-boot-actuator-autoconfigure-2.5.2.jar:/home/bchagas/.m2/repository/org/springframework/boot/spring-boot-actuator/2.5.2/spring-boot-actuator-2.5.2.jar:/home/bchagas/.m2/repository/io/micrometer/micrometer-core/1.7.1/micrometer-core-1.7.1.jar:/home/bchagas/.m2/repository/org/hdrhistogram/HdrHistogram/2.1.12/HdrHistogram-2.1.12.jar:/home/bchagas/.m2/repository/org/latencyutils/LatencyUtils/2.0.3/LatencyUtils-2.0.3.jar:/home/bchagas/.m2/repository/org/xerial/sqlite-jdbc/3.21.0.1/sqlite-jdbc-3.21.0.1.jar:/home/bchagas/.m2/repository/com/zsoltfabok/sqlite-dialect/1.0/sqlite-dialect-1.0.jar:/home/bchagas/.m2/repository/org/springframework/boot/spring-boot-starter-test/2.7.3/spring-boot-starter-test-2.7.3.jar:/home/bchagas/.m2/repository/org/springframework/boot/spring-boot-test/2.5.2/spring-boot-test-2.5.2.jar:/home/bchagas/.m2/repository/com/jayway/jsonpath/json-path/2.5.0/json-path-2.5.0.jar:/home/bchagas/.m2/repository/net/minidev/json-smart/2.4.7/json-smart-2.4.7.jar:/home/bchagas/.m2/repository/net/minidev/accessors-smart/2.4.7/accessors-smart-2.4.7.jar:/home/bchagas/.m2/repository/org/ow2/asm/asm/9.1/asm-9.1.jar:/home/bchagas/.m2/repository/jakarta/xml/bind/jakarta.xml.bind-api/2.3.3/jakarta.xml.bind-api-2.3.3.jar:/home/bchagas/.m2/repository/jakarta/activation/jakarta.activation-api/1.2.2/jakarta.activation-api-1.2.2.jar:/home/bchagas/.m2/repository/org/assertj/assertj-core/3.19.0/assertj-core-3.19.0.jar:/home/bchagas/.m2/repository/org/hamcrest/hamcrest/2.2/hamcrest-2.2.jar:/home/bchagas/.m2/repository/org/skyscreamer/jsonassert/1.5.0/jsonassert-1.5.0.jar:/home/bchagas/.m2/repository/com/vaadin/external/google/android-json/0.0.20131108.vaadin1/android-json-0.0.20131108.vaadin1.jar:/home/bchagas/.m2/repository/org/springframework/spring-core/5.3.8/spring-core-5.3.8.jar:/home/bchagas/.m2/repository/org/springframework/spring-jcl/5.3.8/spring-jcl-5.3.8.jar:/home/bchagas/.m2/repository/org/xmlunit/xmlunit-core/2.8.2/xmlunit-core-2.8.2.jar:/home/bchagas/.m2/repository/org/projectlombok/lombok/1.18.24/lombok-1.18.24.jar:/home/bchagas/.m2/repository/io/springfox/springfox-swagger2/2.9.2/springfox-swagger2-2.9.2.jar:/home/bchagas/.m2/repository/io/swagger/swagger-annotations/1.5.20/swagger-annotations-1.5.20.jar:/home/bchagas/.m2/repository/io/swagger/swagger-models/1.5.20/swagger-models-1.5.20.jar:/home/bchagas/.m2/repository/com/fasterxml/jackson/core/jackson-annotations/2.12.3/jackson-annotations-2.12.3.jar:/home/bchagas/.m2/repository/io/springfox/springfox-spi/2.9.2/springfox-spi-2.9.2.jar:/home/bchagas/.m2/repository/io/springfox/springfox-core/2.9.2/springfox-core-2.9.2.jar:/home/bchagas/.m2/repository/io/springfox/springfox-schema/2.9.2/springfox-schema-2.9.2.jar:/home/bchagas/.m2/repository/io/springfox/springfox-swagger-common/2.9.2/springfox-swagger-common-2.9.2.jar:/home/bchagas/.m2/repository/io/springfox/springfox-spring-web/2.9.2/springfox-spring-web-2.9.2.jar:/home/bchagas/.m2/repository/com/google/guava/guava/20.0/guava-20.0.jar:/home/bchagas/.m2/repository/com/fasterxml/classmate/1.5.1/classmate-1.5.1.jar:/home/bchagas/.m2/repository/org/slf4j/slf4j-api/1.7.31/slf4j-api-1.7.31.jar:/home/bchagas/.m2/repository/org/springframework/plugin/spring-plugin-core/1.2.0.RELEASE/spring-plugin-core-1.2.0.RELEASE.jar:/home/bchagas/.m2/repository/org/springframework/plugin/spring-plugin-metadata/1.2.0.RELEASE/spring-plugin-metadata-1.2.0.RELEASE.jar:/home/bchagas/.m2/repository/org/mapstruct/mapstruct/1.2.0.Final/mapstruct-1.2.0.Final.jar:/home/bchagas/.m2/repository/io/springfox/springfox-swagger-ui/2.9.2/springfox-swagger-ui-2.9.2.jar:/home/bchagas/.m2/repository/org/junit/jupiter/junit-jupiter/5.7.2/junit-jupiter-5.7.2.jar:/home/bchagas/.m2/repository/org/junit/jupiter/junit-jupiter-api/5.7.2/junit-jupiter-api-5.7.2.jar:/home/bchagas/.m2/repository/org/apiguardian/apiguardian-api/1.1.0/apiguardian-api-1.1.0.jar:/home/bchagas/.m2/repository/org/opentest4j/opentest4j/1.2.0/opentest4j-1.2.0.jar:/home/bchagas/.m2/repository/org/junit/platform/junit-platform-commons/1.7.2/junit-platform-commons-1.7.2.jar:/home/bchagas/.m2/repository/org/junit/jupiter/junit-jupiter-params/5.7.2/junit-jupiter-params-5.7.2.jar:/home/bchagas/.m2/repository/org/junit/jupiter/junit-jupiter-engine/5.7.2/junit-jupiter-engine-5.7.2.jar:/home/bchagas/.m2/repository/org/junit/platform/junit-platform-engine/1.7.2/junit-platform-engine-1.7.2.jar:/home/bchagas/.m2/repository/org/springframework/boot/spring-boot-test-autoconfigure/2.5.2/spring-boot-test-autoconfigure-2.5.2.jar:/home/bchagas/.m2/repository/org/springframework/boot/spring-boot/2.5.2/spring-boot-2.5.2.jar:/home/bchagas/.m2/repository/org/springframework/boot/spring-boot-autoconfigure/2.5.2/spring-boot-autoconfigure-2.5.2.jar:/home/bchagas/.m2/repository/org/springframework/spring-test/5.3.8/spring-test-5.3.8.jar:/home/bchagas/.m2/repository/org/mockito/mockito-core/3.9.0/mockito-core-3.9.0.jar:/home/bchagas/.m2/repository/net/bytebuddy/byte-buddy/1.10.22/byte-buddy-1.10.22.jar:/home/bchagas/.m2/repository/net/bytebuddy/byte-buddy-agent/1.10.22/byte-buddy-agent-1.10.22.jar:/home/bchagas/.m2/repository/org/objenesis/objenesis/3.2/objenesis-3.2.jar:/home/bchagas/.m2/repository/org/mockito/mockito-junit-jupiter/3.9.0/mockito-junit-jupiter-3.9.0.jar:/home/bchagas/.m2/repository/io/rest-assured/spring-mock-mvc/4.4.0/spring-mock-mvc-4.4.0.jar:/home/bchagas/.m2/repository/io/rest-assured/rest-assured/4.3.3/rest-assured-4.3.3.jar:/home/bchagas/.m2/repository/org/codehaus/groovy/groovy/3.0.8/groovy-3.0.8.jar:/home/bchagas/.m2/repository/org/codehaus/groovy/groovy-xml/3.0.8/groovy-xml-3.0.8.jar:/home/bchagas/.m2/repository/org/apache/httpcomponents/httpclient/4.5.13/httpclient-4.5.13.jar:/home/bchagas/.m2/repository/org/apache/httpcomponents/httpcore/4.4.14/httpcore-4.4.14.jar:/home/bchagas/.m2/repository/commons-codec/commons-codec/1.15/commons-codec-1.15.jar:/home/bchagas/.m2/repository/org/apache/httpcomponents/httpmime/4.5.13/httpmime-4.5.13.jar:/home/bchagas/.m2/repository/org/ccil/cowan/tagsoup/tagsoup/1.2.1/tagsoup-1.2.1.jar:/home/bchagas/.m2/repository/io/rest-assured/json-path/4.3.3/json-path-4.3.3.jar:/home/bchagas/.m2/repository/org/codehaus/groovy/groovy-json/3.0.8/groovy-json-3.0.8.jar:/home/bchagas/.m2/repository/io/rest-assured/rest-assured-common/4.3.3/rest-assured-common-4.3.3.jar:/home/bchagas/.m2/repository/io/rest-assured/xml-path/4.3.3/xml-path-4.3.3.jar:/home/bchagas/.m2/repository/org/apache/commons/commons-lang3/3.12.0/commons-lang3-3.12.0.jar:/home/bchagas/.m2/repository/com/sun/xml/bind/jaxb-impl/2.3.3/jaxb-impl-2.3.3.jar:/home/bchagas/.m2/repository/io/rest-assured/spring-commons/4.4.0/spring-commons-4.4.0.jar:/home/bchagas/.m2/repository/com/tngtech/archunit/archunit/0.23.1/archunit-0.23.1.jar:/home/bchagas/.m2/repository/com/tngtech/archunit/archunit-junit5-api/0.23.1/archunit-junit5-api-0.23.1.jar:/home/bchagas/.m2/repository/com/tngtech/archunit/archunit-junit5-engine/0.23.1/archunit-junit5-engine-0.23.1.jar:/home/bchagas/.m2/repository/com/tngtech/archunit/archunit-junit5-engine-api/0.23.1/archunit-junit5-engine-api-0.23.1.jar:"/>
    <property name="java.vm.vendor" value="Ubuntu"/>
    <property name="sun.arch.data.model" value="64"/>
    <property name="java.vendor.url" value="https://ubuntu.com/"/>
    <property name="user.timezone" value=""/>
    <property name="user.country.format" value="BR"/>
    <property name="java.vm.specification.version" value="11"/>
    <property name="os.name" value="Linux"/>
    <property name="sun.java.launcher" value="SUN_STANDARD"/>
    <property name="user.country" value="US"/>
    <property name="sun.boot.library.path" value="/usr/lib/jvm/java-11-openjdk-amd64/lib"/>
    <property name="sun.java.command" value="/home/bchagas/Documents/MyMusic-TotalJunho/MyMusic/target/surefire/surefirebooter14407183224856088493.jar /home/bchagas/Documents/MyMusic-TotalJunho/MyMusic/target/surefire 2022-08-30T14-38-39_566-jvmRun1 surefire9359766997578165377tmp surefire_010297716032470128414tmp"/>
    <property name="jdk.debug" value="release"/>
    <property name="surefire.test.class.path" value="/home/bchagas/Documents/MyMusic-TotalJunho/MyMusic/target/test-classes:/home/bchagas/Documents/MyMusic-TotalJunho/MyMusic/target/classes:/home/bchagas/.m2/repository/org/springframework/boot/spring-boot-starter-web/2.5.2/spring-boot-starter-web-2.5.2.jar:/home/bchagas/.m2/repository/org/springframework/boot/spring-boot-starter/2.5.2/spring-boot-starter-2.5.2.jar:/home/bchagas/.m2/repository/org/springframework/boot/spring-boot-starter-logging/2.5.2/spring-boot-starter-logging-2.5.2.jar:/home/bchagas/.m2/repository/ch/qos/logback/logback-classic/1.2.3/logback-classic-1.2.3.jar:/home/bchagas/.m2/repository/ch/qos/logback/logback-core/1.2.3/logback-core-1.2.3.jar:/home/bchagas/.m2/repository/org/apache/logging/log4j/log4j-to-slf4j/2.14.1/log4j-to-slf4j-2.14.1.jar:/home/bchagas/.m2/repository/org/apache/logging/log4j/log4j-api/2.14.1/log4j-api-2.14.1.jar:/home/bchagas/.m2/repository/org/slf4j/jul-to-slf4j/1.7.31/jul-to-slf4j-1.7.31.jar:/home/bchagas/.m2/repository/jakarta/annotation/jakarta.annotation-api/1.3.5/jakarta.annotation-api-1.3.5.jar:/home/bchagas/.m2/repository/org/yaml/snakeyaml/1.28/snakeyaml-1.28.jar:/home/bchagas/.m2/repository/org/springframework/boot/spring-boot-starter-json/2.5.2/spring-boot-starter-json-2.5.2.jar:/home/bchagas/.m2/repository/com/fasterxml/jackson/core/jackson-databind/2.12.3/jackson-databind-2.12.3.jar:/home/bchagas/.m2/repository/com/fasterxml/jackson/core/jackson-core/2.12.3/jackson-core-2.12.3.jar:/home/bchagas/.m2/repository/com/fasterxml/jackson/datatype/jackson-datatype-jdk8/2.12.3/jackson-datatype-jdk8-2.12.3.jar:/home/bchagas/.m2/repository/com/fasterxml/jackson/datatype/jackson-datatype-jsr310/2.12.3/jackson-datatype-jsr310-2.12.3.jar:/home/bchagas/.m2/repository/com/fasterxml/jackson/module/jackson-module-parameter-names/2.12.3/jackson-module-parameter-names-2.12.3.jar:/home/bchagas/.m2/repository/org/springframework/boot/spring-boot-starter-tomcat/2.5.2/spring-boot-starter-tomcat-2.5.2.jar:/home/bchagas/.m2/repository/org/apache/tomcat/embed/tomcat-embed-core/9.0.48/tomcat-embed-core-9.0.48.jar:/home/bchagas/.m2/repository/org/apache/tomcat/embed/tomcat-embed-el/9.0.48/tomcat-embed-el-9.0.48.jar:/home/bchagas/.m2/repository/org/apache/tomcat/embed/tomcat-embed-websocket/9.0.48/tomcat-embed-websocket-9.0.48.jar:/home/bchagas/.m2/repository/org/springframework/spring-web/5.3.8/spring-web-5.3.8.jar:/home/bchagas/.m2/repository/org/springframework/spring-beans/5.3.8/spring-beans-5.3.8.jar:/home/bchagas/.m2/repository/org/springframework/spring-webmvc/5.3.8/spring-webmvc-5.3.8.jar:/home/bchagas/.m2/repository/org/springframework/spring-aop/5.3.8/spring-aop-5.3.8.jar:/home/bchagas/.m2/repository/org/springframework/spring-context/5.3.8/spring-context-5.3.8.jar:/home/bchagas/.m2/repository/org/springframework/spring-expression/5.3.8/spring-expression-5.3.8.jar:/home/bchagas/.m2/repository/org/hsqldb/hsqldb/2.5.2/hsqldb-2.5.2.jar:/home/bchagas/.m2/repository/org/springframework/boot/spring-boot-starter-data-jpa/2.5.2/spring-boot-starter-data-jpa-2.5.2.jar:/home/bchagas/.m2/repository/org/springframework/boot/spring-boot-starter-aop/2.5.2/spring-boot-starter-aop-2.5.2.jar:/home/bchagas/.m2/repository/org/aspectj/aspectjweaver/1.9.6/aspectjweaver-1.9.6.jar:/home/bchagas/.m2/repository/org/springframework/boot/spring-boot-starter-jdbc/2.5.2/spring-boot-starter-jdbc-2.5.2.jar:/home/bchagas/.m2/repository/com/zaxxer/HikariCP/4.0.3/HikariCP-4.0.3.jar:/home/bchagas/.m2/repository/org/springframework/spring-jdbc/5.3.8/spring-jdbc-5.3.8.jar:/home/bchagas/.m2/repository/jakarta/transaction/jakarta.transaction-api/1.3.3/jakarta.transaction-api-1.3.3.jar:/home/bchagas/.m2/repository/jakarta/persistence/jakarta.persistence-api/2.2.3/jakarta.persistence-api-2.2.3.jar:/home/bchagas/.m2/repository/org/hibernate/hibernate-core/5.4.32.Final/hibernate-core-5.4.32.Final.jar:/home/bchagas/.m2/repository/org/jboss/logging/jboss-logging/3.4.2.Final/jboss-logging-3.4.2.Final.jar:/home/bchagas/.m2/repository/org/javassist/javassist/3.27.0-GA/javassist-3.27.0-GA.jar:/home/bchagas/.m2/repository/antlr/antlr/2.7.7/antlr-2.7.7.jar:/home/bchagas/.m2/repository/org/jboss/jandex/2.2.3.Final/jandex-2.2.3.Final.jar:/home/bchagas/.m2/repository/org/dom4j/dom4j/2.1.3/dom4j-2.1.3.jar:/home/bchagas/.m2/repository/org/hibernate/common/hibernate-commons-annotations/5.1.2.Final/hibernate-commons-annotations-5.1.2.Final.jar:/home/bchagas/.m2/repository/org/glassfish/jaxb/jaxb-runtime/2.3.4/jaxb-runtime-2.3.4.jar:/home/bchagas/.m2/repository/org/glassfish/jaxb/txw2/2.3.4/txw2-2.3.4.jar:/home/bchagas/.m2/repository/com/sun/istack/istack-commons-runtime/3.0.12/istack-commons-runtime-3.0.12.jar:/home/bchagas/.m2/repository/com/sun/activation/jakarta.activation/1.2.2/jakarta.activation-1.2.2.jar:/home/bchagas/.m2/repository/org/springframework/data/spring-data-jpa/2.5.2/spring-data-jpa-2.5.2.jar:/home/bchagas/.m2/repository/org/springframework/data/spring-data-commons/2.5.2/spring-data-commons-2.5.2.jar:/home/bchagas/.m2/repository/org/springframework/spring-orm/5.3.8/spring-orm-5.3.8.jar:/home/bchagas/.m2/repository/org/springframework/spring-tx/5.3.8/spring-tx-5.3.8.jar:/home/bchagas/.m2/repository/org/springframework/spring-aspects/5.3.8/spring-aspects-5.3.8.jar:/home/bchagas/.m2/repository/org/springframework/boot/spring-boot-starter-actuator/2.5.2/spring-boot-starter-actuator-2.5.2.jar:/home/bchagas/.m2/repository/org/springframework/boot/spring-boot-actuator-autoconfigure/2.5.2/spring-boot-actuator-autoconfigure-2.5.2.jar:/home/bchagas/.m2/repository/org/springframework/boot/spring-boot-actuator/2.5.2/spring-boot-actuator-2.5.2.jar:/home/bchagas/.m2/repository/io/micrometer/micrometer-core/1.7.1/micrometer-core-1.7.1.jar:/home/bchagas/.m2/repository/org/hdrhistogram/HdrHistogram/2.1.12/HdrHistogram-2.1.12.jar:/home/bchagas/.m2/repository/org/latencyutils/LatencyUtils/2.0.3/LatencyUtils-2.0.3.jar:/home/bchagas/.m2/repository/org/xerial/sqlite-jdbc/3.21.0.1/sqlite-jdbc-3.21.0.1.jar:/home/bchagas/.m2/repository/com/zsoltfabok/sqlite-dialect/1.0/sqlite-dialect-1.0.jar:/home/bchagas/.m2/repository/org/springframework/boot/spring-boot-starter-test/2.7.3/spring-boot-starter-test-2.7.3.jar:/home/bchagas/.m2/repository/org/springframework/boot/spring-boot-test/2.5.2/spring-boot-test-2.5.2.jar:/home/bchagas/.m2/repository/com/jayway/jsonpath/json-path/2.5.0/json-path-2.5.0.jar:/home/bchagas/.m2/repository/net/minidev/json-smart/2.4.7/json-smart-2.4.7.jar:/home/bchagas/.m2/repository/net/minidev/accessors-smart/2.4.7/accessors-smart-2.4.7.jar:/home/bchagas/.m2/repository/org/ow2/asm/asm/9.1/asm-9.1.jar:/home/bchagas/.m2/repository/jakarta/xml/bind/jakarta.xml.bind-api/2.3.3/jakarta.xml.bind-api-2.3.3.jar:/home/bchagas/.m2/repository/jakarta/activation/jakarta.activation-api/1.2.2/jakarta.activation-api-1.2.2.jar:/home/bchagas/.m2/repository/org/assertj/assertj-core/3.19.0/assertj-core-3.19.0.jar:/home/bchagas/.m2/repository/org/hamcrest/hamcrest/2.2/hamcrest-2.2.jar:/home/bchagas/.m2/repository/org/skyscreamer/jsonassert/1.5.0/jsonassert-1.5.0.jar:/home/bchagas/.m2/repository/com/vaadin/external/google/android-json/0.0.20131108.vaadin1/android-json-0.0.20131108.vaadin1.jar:/home/bchagas/.m2/repository/org/springframework/spring-core/5.3.8/spring-core-5.3.8.jar:/home/bchagas/.m2/repository/org/springframework/spring-jcl/5.3.8/spring-jcl-5.3.8.jar:/home/bchagas/.m2/repository/org/xmlunit/xmlunit-core/2.8.2/xmlunit-core-2.8.2.jar:/home/bchagas/.m2/repository/org/projectlombok/lombok/1.18.24/lombok-1.18.24.jar:/home/bchagas/.m2/repository/io/springfox/springfox-swagger2/2.9.2/springfox-swagger2-2.9.2.jar:/home/bchagas/.m2/repository/io/swagger/swagger-annotations/1.5.20/swagger-annotations-1.5.20.jar:/home/bchagas/.m2/repository/io/swagger/swagger-models/1.5.20/swagger-models-1.5.20.jar:/home/bchagas/.m2/repository/com/fasterxml/jackson/core/jackson-annotations/2.12.3/jackson-annotations-2.12.3.jar:/home/bchagas/.m2/repository/io/springfox/springfox-spi/2.9.2/springfox-spi-2.9.2.jar:/home/bchagas/.m2/repository/io/springfox/springfox-core/2.9.2/springfox-core-2.9.2.jar:/home/bchagas/.m2/repository/io/springfox/springfox-schema/2.9.2/springfox-schema-2.9.2.jar:/home/bchagas/.m2/repository/io/springfox/springfox-swagger-common/2.9.2/springfox-swagger-common-2.9.2.jar:/home/bchagas/.m2/repository/io/springfox/springfox-spring-web/2.9.2/springfox-spring-web-2.9.2.jar:/home/bchagas/.m2/repository/com/google/guava/guava/20.0/guava-20.0.jar:/home/bchagas/.m2/repository/com/fasterxml/classmate/1.5.1/classmate-1.5.1.jar:/home/bchagas/.m2/repository/org/slf4j/slf4j-api/1.7.31/slf4j-api-1.7.31.jar:/home/bchagas/.m2/repository/org/springframework/plugin/spring-plugin-core/1.2.0.RELEASE/spring-plugin-core-1.2.0.RELEASE.jar:/home/bchagas/.m2/repository/org/springframework/plugin/spring-plugin-metadata/1.2.0.RELEASE/spring-plugin-metadata-1.2.0.RELEASE.jar:/home/bchagas/.m2/repository/org/mapstruct/mapstruct/1.2.0.Final/mapstruct-1.2.0.Final.jar:/home/bchagas/.m2/repository/io/springfox/springfox-swagger-ui/2.9.2/springfox-swagger-ui-2.9.2.jar:/home/bchagas/.m2/repository/org/junit/jupiter/junit-jupiter/5.7.2/junit-jupiter-5.7.2.jar:/home/bchagas/.m2/repository/org/junit/jupiter/junit-jupiter-api/5.7.2/junit-jupiter-api-5.7.2.jar:/home/bchagas/.m2/repository/org/apiguardian/apiguardian-api/1.1.0/apiguardian-api-1.1.0.jar:/home/bchagas/.m2/repository/org/opentest4j/opentest4j/1.2.0/opentest4j-1.2.0.jar:/home/bchagas/.m2/repository/org/junit/platform/junit-platform-commons/1.7.2/junit-platform-commons-1.7.2.jar:/home/bchagas/.m2/repository/org/junit/jupiter/junit-jupiter-params/5.7.2/junit-jupiter-params-5.7.2.jar:/home/bchagas/.m2/repository/org/junit/jupiter/junit-jupiter-engine/5.7.2/junit-jupiter-engine-5.7.2.jar:/home/bchagas/.m2/repository/org/junit/platform/junit-platform-engine/1.7.2/junit-platform-engine-1.7.2.jar:/home/bchagas/.m2/repository/org/springframework/boot/spring-boot-test-autoconfigure/2.5.2/spring-boot-test-autoconfigure-2.5.2.jar:/home/bchagas/.m2/repository/org/springframework/boot/spring-boot/2.5.2/spring-boot-2.5.2.jar:/home/bchagas/.m2/repository/org/springframework/boot/spring-boot-autoconfigure/2.5.2/spring-boot-autoconfigure-2.5.2.jar:/home/bchagas/.m2/repository/org/springframework/spring-test/5.3.8/spring-test-5.3.8.jar:/home/bchagas/.m2/repository/org/mockito/mockito-core/3.9.0/mockito-core-3.9.0.jar:/home/bchagas/.m2/repository/net/bytebuddy/byte-buddy/1.10.22/byte-buddy-1.10.22.jar:/home/bchagas/.m2/repository/net/bytebuddy/byte-buddy-agent/1.10.22/byte-buddy-agent-1.10.22.jar:/home/bchagas/.m2/repository/org/objenesis/objenesis/3.2/objenesis-3.2.jar:/home/bchagas/.m2/repository/org/mockito/mockito-junit-jupiter/3.9.0/mockito-junit-jupiter-3.9.0.jar:/home/bchagas/.m2/repository/io/rest-assured/spring-mock-mvc/4.4.0/spring-mock-mvc-4.4.0.jar:/home/bchagas/.m2/repository/io/rest-assured/rest-assured/4.3.3/rest-assured-4.3.3.jar:/home/bchagas/.m2/repository/org/codehaus/groovy/groovy/3.0.8/groovy-3.0.8.jar:/home/bchagas/.m2/repository/org/codehaus/groovy/groovy-xml/3.0.8/groovy-xml-3.0.8.jar:/home/bchagas/.m2/repository/org/apache/httpcomponents/httpclient/4.5.13/httpclient-4.5.13.jar:/home/bchagas/.m2/repository/org/apache/httpcomponents/httpcore/4.4.14/httpcore-4.4.14.jar:/home/bchagas/.m2/repository/commons-codec/commons-codec/1.15/commons-codec-1.15.jar:/home/bchagas/.m2/repository/org/apache/httpcomponents/httpmime/4.5.13/httpmime-4.5.13.jar:/home/bchagas/.m2/repository/org/ccil/cowan/tagsoup/tagsoup/1.2.1/tagsoup-1.2.1.jar:/home/bchagas/.m2/repository/io/rest-assured/json-path/4.3.3/json-path-4.3.3.jar:/home/bchagas/.m2/repository/org/codehaus/groovy/groovy-json/3.0.8/groovy-json-3.0.8.jar:/home/bchagas/.m2/repository/io/rest-assured/rest-assured-common/4.3.3/rest-assured-common-4.3.3.jar:/home/bchagas/.m2/repository/io/rest-assured/xml-path/4.3.3/xml-path-4.3.3.jar:/home/bchagas/.m2/repository/org/apache/commons/commons-lang3/3.12.0/commons-lang3-3.12.0.jar:/home/bchagas/.m2/repository/com/sun/xml/bind/jaxb-impl/2.3.3/jaxb-impl-2.3.3.jar:/home/bchagas/.m2/repository/io/rest-assured/spring-commons/4.4.0/spring-commons-4.4.0.jar:/home/bchagas/.m2/repository/com/tngtech/archunit/archunit/0.23.1/archunit-0.23.1.jar:/home/bchagas/.m2/repository/com/tngtech/archunit/archunit-junit5-api/0.23.1/archunit-junit5-api-0.23.1.jar:/home/bchagas/.m2/repository/com/tngtech/archunit/archunit-junit5-engine/0.23.1/archunit-junit5-engine-0.23.1.jar:/home/bchagas/.m2/repository/com/tngtech/archunit/archunit-junit5-engine-api/0.23.1/archunit-junit5-engine-api-0.23.1.jar:"/>
    <property name="sun.cpu.endian" value="little"/>
    <property name="user.home" value="/home/bchagas"/>
    <property name="user.language" value="en"/>
    <property name="java.specification.vendor" value="Oracle Corporation"/>
    <property name="java.version.date" value="2022-07-19"/>
    <property name="java.home" value="/usr/lib/jvm/java-11-openjdk-amd64"/>
    <property name="file.separator" value="/"/>
    <property name="basedir" value="/home/bchagas/Documents/MyMusic-TotalJunho/MyMusic"/>
    <property name="java.vm.compressedOopsMode" value="Zero based"/>
    <property name="line.separator" value="&#10;"/>
    <property name="java.specification.name" value="Java Platform API Specification"/>
    <property name="java.vm.specification.vendor" value="Oracle Corporation"/>
    <property name="java.awt.graphicsenv" value="sun.awt.X11GraphicsEnvironment"/>
    <property name="surefire.real.class.path" value="/home/bchagas/Documents/MyMusic-TotalJunho/MyMusic/target/surefire/surefirebooter14407183224856088493.jar"/>
    <property name="sun.management.compiler" value="HotSpot 64-Bit Tiered Compilers"/>
    <property name="java.runtime.version" value="11.0.16+8-post-Ubuntu-0ubuntu120.04"/>
    <property name="user.name" value="CIANDT\bchagas"/>
    <property name="path.separator" value=":"/>
    <property name="os.version" value="5.14.0-1050-oem"/>
    <property name="java.runtime.name" value="OpenJDK Runtime Environment"/>
    <property name="file.encoding" value="UTF-8"/>
    <property name="java.vm.name" value="OpenJDK 64-Bit Server VM"/>
    <property name="localRepository" value="/home/bchagas/.m2/repository"/>
    <property name="java.vendor.url.bug" value="https://bugs.launchpad.net/ubuntu/+source/openjdk-lts"/>
    <property name="java.io.tmpdir" value="/tmp"/>
    <property name="java.version" value="11.0.16"/>
    <property name="user.dir" value="/home/bchagas/Documents/MyMusic-TotalJunho/MyMusic"/>
    <property name="os.arch" value="amd64"/>
    <property name="java.vm.specification.name" value="Java Virtual Machine Specification"/>
    <property name="java.awt.printerjob" value="sun.print.PSPrinterJob"/>
    <property name="user.language.format" value="pt"/>
    <property name="sun.os.patch.level" value="unknown"/>
    <property name="java.library.path" value="/usr/java/packages/lib:/usr/lib/x86_64-linux-gnu/jni:/lib/x86_64-linux-gnu:/usr/lib/x86_64-linux-gnu:/usr/lib/jni:/lib:/usr/lib"/>
    <property name="java.vm.info" value="mixed mode, sharing"/>
    <property name="java.vendor" value="Ubuntu"/>
    <property name="java.vm.version" value="11.0.16+8-post-Ubuntu-0ubuntu120.04"/>
    <property name="sun.io.unicode.encoding" value="UnicodeLittle"/>
    <property name="java.class.version" value="55.0"/>
  </properties>
  <testcase name="repositories_should_be_annotation_restcontroller" classname="com.ciandt.summit.bootcamp2022.archunit.repositories.RepositoryRulesTest" time="0.045"/>
  <testcase name="repositories_should_be_annotation_autowired_only_in_constructor" classname="com.ciandt.summit.bootcamp2022.archunit.repositories.RepositoryRulesTest" time="0"/>
  <testcase name="repositories_should_be_interfaces" classname="com.ciandt.summit.bootcamp2022.archunit.repositories.RepositoryRulesTest" time="0"/>
</testsuite>